  debugger.cpp
c:\users\b\source\repos\attachable coverage guided fuzzing css\attachable coverage guided fuzzing css\debugger.cpp(128): warning C4477: 'printf' : format string '%d' requires an argument of type 'int', but variadic argument 1 has type 'void *'
c:\users\b\source\repos\attachable coverage guided fuzzing css\attachable coverage guided fuzzing css\debugger.cpp(128): warning C4477: 'printf' : format string '%p' requires an argument of type 'void *', but variadic argument 2 has type 'unsigned long'
c:\users\b\source\repos\attachable coverage guided fuzzing css\attachable coverage guided fuzzing css\debugger.cpp(128): warning C4477: 'printf' : format string '%p' requires an argument of type 'void *', but variadic argument 3 has type 'DWORD'
c:\users\b\source\repos\attachable coverage guided fuzzing css\attachable coverage guided fuzzing css\debugger.cpp(167): warning C4477: 'printf' : format string '%p' requires an argument of type 'void *', but variadic argument 1 has type 'uintptr_t'
c:\users\b\source\repos\attachable coverage guided fuzzing css\attachable coverage guided fuzzing css\debugger.cpp(167): warning C4477: 'printf' : format string '%p' requires an argument of type 'void *', but variadic argument 2 has type 'uintptr_t'
c:\users\b\source\repos\attachable coverage guided fuzzing css\attachable coverage guided fuzzing css\debugger.cpp(173): warning C4477: 'printf' : format string '%p' requires an argument of type 'void *', but variadic argument 1 has type 'DWORD'
c:\users\b\source\repos\attachable coverage guided fuzzing css\attachable coverage guided fuzzing css\debugger.cpp(206): warning C4477: 'printf' : format string '%p' requires an argument of type 'void *', but variadic argument 1 has type 'uintptr_t'
c:\users\b\source\repos\attachable coverage guided fuzzing css\attachable coverage guided fuzzing css\debugger.cpp(222): warning C4778: 'printf' : unterminated format string '% \n'
c:\users\b\source\repos\attachable coverage guided fuzzing css\attachable coverage guided fuzzing css\debugger.cpp(222): warning C4474: 'printf' : too many arguments passed for format string
  c:\users\b\source\repos\attachable coverage guided fuzzing css\attachable coverage guided fuzzing css\debugger.cpp(222): note: placeholders and their parameters expect 0 variadic arguments, but 1 were provided
c:\users\b\source\repos\attachable coverage guided fuzzing css\attachable coverage guided fuzzing css\debugger.cpp(233): warning C4477: 'printf' : format string '%p' requires an argument of type 'void *', but variadic argument 1 has type 'DWORD'
c:\users\b\source\repos\attachable coverage guided fuzzing css\attachable coverage guided fuzzing css\debugger.cpp(280): warning C4244: 'initializing': conversion from 'std::streamoff' to 'size_t', possible loss of data
c:\users\b\source\repos\attachable coverage guided fuzzing css\attachable coverage guided fuzzing css\debugger.cpp(305): warning C4477: 'printf' : format string '%p' requires an argument of type 'void *', but variadic argument 1 has type 'size_t'
c:\users\b\source\repos\attachable coverage guided fuzzing css\attachable coverage guided fuzzing css\debugger.cpp(310): warning C4477: 'printf' : format string '%p' requires an argument of type 'void *', but variadic argument 1 has type 'uintptr_t'
c:\users\b\source\repos\attachable coverage guided fuzzing css\attachable coverage guided fuzzing css\debugger.cpp(397): warning C4477: 'printf' : format string '%p' requires an argument of type 'void *', but variadic argument 2 has type 'uintptr_t'
c:\users\b\source\repos\attachable coverage guided fuzzing css\attachable coverage guided fuzzing css\debugger.cpp(428): warning C4477: 'printf' : format string '%p' requires an argument of type 'void *', but variadic argument 2 has type 'uintptr_t'
c:\users\b\source\repos\attachable coverage guided fuzzing css\attachable coverage guided fuzzing css\debugger.cpp(612): warning C4477: 'printf' : format string '%p' requires an argument of type 'void *', but variadic argument 1 has type 'uint32_t'
c:\users\b\source\repos\attachable coverage guided fuzzing css\attachable coverage guided fuzzing css\debugger.cpp(613): warning C4477: 'printf' : format string '%p' requires an argument of type 'void *', but variadic argument 1 has type 'size_t'
c:\users\b\source\repos\attachable coverage guided fuzzing css\attachable coverage guided fuzzing css\debugger.cpp(729): warning C4477: 'printf' : format string '%p' requires an argument of type 'void *', but variadic argument 1 has type 'DWORD'
c:\users\b\source\repos\attachable coverage guided fuzzing css\attachable coverage guided fuzzing css\debugger.cpp(744): warning C4477: 'printf' : format string '%p' requires an argument of type 'void *', but variadic argument 5 has type 'uintptr_t'
  attachable coverage guided fuzzing css.vcxproj -> C:\Users\b\source\repos\attachable coverage guided fuzzing css\Debug\attachable coverage guided fuzzing css.exe
